<?xml version="1.0" encoding="UTF-8"?>
<robot generator="Robot 5.0.1 (Python 3.14.0 on win32)" generated="20251118 09:08:20.906" rpa="false" schemaversion="3">
<suite id="s1" name="Rfw" source="C:\development\robot-scripts\RobotFrameWorkTutorial\Tests\Rfw.robot">
<test id="s1-t1" name="Checking The Team Page" line="15">
<kw name="Begin Web Page" library="Common" type="SETUP">
<kw name="Set Selenium Timeout" library="SeleniumLibrary">
<arg>10s</arg>
<doc>Sets the timeout that is used by various keywords.</doc>
<status status="PASS" starttime="20251118 09:08:21.275" endtime="20251118 09:08:21.276"/>
</kw>
<kw name="Log" library="BuiltIn">
<arg>Starting the test case!</arg>
<doc>Logs the given message with the given level.</doc>
<msg timestamp="20251118 09:08:21.276" level="INFO">Starting the test case!</msg>
<status status="PASS" starttime="20251118 09:08:21.276" endtime="20251118 09:08:21.276"/>
</kw>
<kw name="Open Browser" library="SeleniumLibrary">
<arg>about:blank</arg>
<arg>${BROWSER}</arg>
<doc>Opens a new browser instance to the optional ``url``.</doc>
<msg timestamp="20251118 09:08:21.276" level="INFO">Opening browser 'chrome' to base url 'about:blank'.</msg>
<status status="PASS" starttime="20251118 09:08:21.276" endtime="20251118 09:08:23.899"/>
</kw>
<status status="PASS" starttime="20251118 09:08:21.275" endtime="20251118 09:08:23.899"/>
</kw>
<kw name="Go To &quot;Home Page&quot;" library="RfwApp">
<kw name="Go To" library="SeleniumLibrary">
<arg>${URL}</arg>
<doc>Navigates the current browser window to the provided ``url``.</doc>
<msg timestamp="20251118 09:08:23.902" level="INFO">Opening url 'https://automationplayground.com/front-office/'</msg>
<status status="PASS" starttime="20251118 09:08:23.902" endtime="20251118 09:08:26.765"/>
</kw>
<kw name="Verify &quot;Home&quot; Page Loaded" library="Home">
<kw name="Wait Until Page Contains" library="SeleniumLibrary">
<arg>${HOME_PAGE_HEADER}</arg>
<doc>Waits until ``text`` appears on the current page.</doc>
<status status="PASS" starttime="20251118 09:08:26.766" endtime="20251118 09:08:26.794"/>
</kw>
<status status="PASS" starttime="20251118 09:08:26.766" endtime="20251118 09:08:26.795"/>
</kw>
<status status="PASS" starttime="20251118 09:08:23.901" endtime="20251118 09:08:26.795"/>
</kw>
<kw name="Go To &quot;Team Page&quot;" library="RfwApp">
<kw name="Click On &quot;Team&quot; Page" library="TopNav">
<kw name="Click Link" library="SeleniumLibrary">
<arg>${TEAM_PAGE_HREF}</arg>
<doc>Clicks a link identified by ``locator``.</doc>
<msg timestamp="20251118 09:08:26.799" level="INFO">Clicking link 'Team'.</msg>
<status status="PASS" starttime="20251118 09:08:26.799" endtime="20251118 09:08:26.925"/>
</kw>
<kw name="Verify &quot;Team&quot; Page Loaded" library="TopNav">
<kw name="Wait Until Page Contains" library="SeleniumLibrary">
<arg>${TEAM_PAGE_HEADER}</arg>
<doc>Waits until ``text`` appears on the current page.</doc>
<status status="PASS" starttime="20251118 09:08:26.926" endtime="20251118 09:08:26.965"/>
</kw>
<status status="PASS" starttime="20251118 09:08:26.925" endtime="20251118 09:08:26.965"/>
</kw>
<status status="PASS" starttime="20251118 09:08:26.798" endtime="20251118 09:08:26.965"/>
</kw>
<status status="PASS" starttime="20251118 09:08:26.796" endtime="20251118 09:08:26.966"/>
</kw>
<kw name="Sleep" library="BuiltIn">
<arg>2s</arg>
<doc>Pauses the test executed for the given time.</doc>
<msg timestamp="20251118 09:08:28.967" level="INFO">Slept 2 seconds</msg>
<status status="PASS" starttime="20251118 09:08:26.966" endtime="20251118 09:08:28.968"/>
</kw>
<kw name="End Web Page" library="Common" type="TEARDOWN">
<kw name="Close All Browsers" library="SeleniumLibrary">
<doc>Closes all open browsers and resets the browser cache.</doc>
<status status="PASS" starttime="20251118 09:08:28.970" endtime="20251118 09:08:31.432"/>
</kw>
<status status="PASS" starttime="20251118 09:08:28.969" endtime="20251118 09:08:31.433"/>
</kw>
<status status="PASS" starttime="20251118 09:08:21.274" endtime="20251118 09:08:31.435"/>
</test>
<status status="PASS" starttime="20251118 09:08:20.907" endtime="20251118 09:08:31.437"/>
</suite>
<statistics>
<total>
<stat pass="1" fail="0" skip="0">All Tests</stat>
</total>
<tag>
</tag>
<suite>
<stat pass="1" fail="0" skip="0" id="s1" name="Rfw">Rfw</stat>
</suite>
</statistics>
<errors>
</errors>
</robot>
