<?xml version="1.0" encoding="UTF-8"?>
<robot generator="Robot 5.0.1 (Python 3.14.0 on win32)" generated="20251117 11:58:16.137" rpa="false" schemaversion="3">
<suite id="s1" name="Crm" source="C:\development\robot-scripts\crm\Tests\Crm.robot">
<test id="s1-t1" name="Should add a new customer" line="25">
<kw name="Begin Web Test" library="Common" type="SETUP">
<kw name="Set Selenium Timeout" library="SeleniumLibrary">
<arg>10s</arg>
<doc>Sets the timeout that is used by various keywords.</doc>
<status status="PASS" starttime="20251117 11:58:16.475" endtime="20251117 11:58:16.475"/>
</kw>
<kw name="Log" library="BuiltIn">
<arg>Starting the test case!</arg>
<doc>Logs the given message with the given level.</doc>
<msg timestamp="20251117 11:58:16.476" level="INFO">Starting the test case!</msg>
<status status="PASS" starttime="20251117 11:58:16.475" endtime="20251117 11:58:16.476"/>
</kw>
<kw name="Open Browser" library="SeleniumLibrary">
<arg>about:blank</arg>
<arg>${BROWSER}</arg>
<doc>Opens a new browser instance to the optional ``url``.</doc>
<msg timestamp="20251117 11:58:16.476" level="INFO">Opening browser 'chrome' to base url 'about:blank'.</msg>
<status status="PASS" starttime="20251117 11:58:16.476" endtime="20251117 11:58:18.792"/>
</kw>
<status status="PASS" starttime="20251117 11:58:16.475" endtime="20251117 11:58:18.792"/>
</kw>
<kw name="Go To &quot;Home&quot; Page" library="CrmApp">
<kw name="Navigate To" library="Home">
<kw name="Go To" library="SeleniumLibrary">
<arg>${URL}</arg>
<doc>Navigates the current browser window to the provided ``url``.</doc>
<msg timestamp="20251117 11:58:18.793" level="INFO">Opening url 'https://automationplayground.com/crm/'</msg>
<status status="PASS" starttime="20251117 11:58:18.793" endtime="20251117 11:58:20.452"/>
</kw>
<kw name="Verfiy Page Loaded" library="Home">
<kw name="Wait Until Page Contains" library="SeleniumLibrary">
<arg>${HOME_HEADER_LABEL}</arg>
<doc>Waits until ``text`` appears on the current page.</doc>
<status status="PASS" starttime="20251117 11:58:20.453" endtime="20251117 11:58:20.473"/>
</kw>
<status status="PASS" starttime="20251117 11:58:20.452" endtime="20251117 11:58:20.473"/>
</kw>
<status status="PASS" starttime="20251117 11:58:18.793" endtime="20251117 11:58:20.473"/>
</kw>
<status status="PASS" starttime="20251117 11:58:18.792" endtime="20251117 11:58:20.473"/>
</kw>
<kw name="Login With Valid Credentials" library="CrmApp">
<arg>${VALID_LOGIN_EMAIL}</arg>
<arg>${VALID_LOGIN_PASSWORD}</arg>
<kw name="Click &quot;Sign In&quot; Link" library="TopNav">
<kw name="Click Link" library="SeleniumLibrary">
<arg>${TOPNAV_SIGNIN_LINK}</arg>
<doc>Clicks a link identified by ``locator``.</doc>
<msg timestamp="20251117 11:58:20.475" level="INFO">Clicking link 'id=SignIn'.</msg>
<status status="PASS" starttime="20251117 11:58:20.474" endtime="20251117 11:58:21.810"/>
</kw>
<status status="PASS" starttime="20251117 11:58:20.474" endtime="20251117 11:58:21.810"/>
</kw>
<kw name="Verfiy Page Loaded" library="SignIn">
<kw name="Wait Until Page Contains" library="SeleniumLibrary">
<arg>${SIGNIN_PAGE_HEADER}</arg>
<doc>Waits until ``text`` appears on the current page.</doc>
<status status="PASS" starttime="20251117 11:58:21.811" endtime="20251117 11:58:21.834"/>
</kw>
<status status="PASS" starttime="20251117 11:58:21.811" endtime="20251117 11:58:21.834"/>
</kw>
<kw name="Login With Valid Credials" library="SignIn">
<arg>${Email}</arg>
<arg>${Password}</arg>
<kw name="Fill &quot;Email&quot; Field" library="SignIn">
<arg>${Email}</arg>
<kw name="Input Text" library="SeleniumLibrary">
<arg>id=${SIGNIN_EMAIL_TEXTBOX}</arg>
<arg>${Email}</arg>
<doc>Types the given ``text`` into the text field identified by ``locator``.</doc>
<msg timestamp="20251117 11:58:21.835" level="INFO">Typing text 'admin@robotframeworktutorial.com' into text field 'id=email-id'.</msg>
<status status="PASS" starttime="20251117 11:58:21.835" endtime="20251117 11:58:22.024"/>
</kw>
<status status="PASS" starttime="20251117 11:58:21.834" endtime="20251117 11:58:22.024"/>
</kw>
<kw name="Fill &quot;Password&quot; Field" library="SignIn">
<arg>${Password}</arg>
<kw name="Input Text" library="SeleniumLibrary">
<arg>id=${SIGNIN_PASSWORD_TEXTBOX}</arg>
<arg>${Password}</arg>
<doc>Types the given ``text`` into the text field identified by ``locator``.</doc>
<msg timestamp="20251117 11:58:22.025" level="INFO">Typing text 'MyPassword!' into text field 'id=password'.</msg>
<status status="PASS" starttime="20251117 11:58:22.024" endtime="20251117 11:58:22.149"/>
</kw>
<status status="PASS" starttime="20251117 11:58:22.024" endtime="20251117 11:58:22.150"/>
</kw>
<kw name="Click &quot;Submit&quot; Button" library="SignIn">
<kw name="Click Button" library="SeleniumLibrary">
<arg>id=${SIGNIN_SUBMIT_TEXTBOX}</arg>
<doc>Clicks the button identified by ``locator``.</doc>
<msg timestamp="20251117 11:58:22.151" level="INFO">Clicking button 'id=submit-id'.</msg>
<status status="PASS" starttime="20251117 11:58:22.150" endtime="20251117 11:58:22.264"/>
</kw>
<status status="PASS" starttime="20251117 11:58:22.150" endtime="20251117 11:58:22.264"/>
</kw>
<status status="PASS" starttime="20251117 11:58:21.834" endtime="20251117 11:58:22.265"/>
</kw>
<kw name="Verfiy Page Loaded" library="Customers">
<kw name="Wait Until Page Contains" library="SeleniumLibrary">
<arg>${Customer_PAGE_HEADER}</arg>
<doc>Waits until ``text`` appears on the current page.</doc>
<status status="PASS" starttime="20251117 11:58:22.265" endtime="20251117 11:58:22.539"/>
</kw>
<status status="PASS" starttime="20251117 11:58:22.265" endtime="20251117 11:58:22.539"/>
</kw>
<status status="PASS" starttime="20251117 11:58:20.474" endtime="20251117 11:58:22.539"/>
</kw>
<kw name="Add &quot;New Customer&quot;" library="CrmApp">
<arg>${EmailAddress}</arg>
<arg>${FirstName}</arg>
<arg>${LastName}</arg>
<arg>${City}</arg>
<arg>${state}</arg>
<arg>${gender}</arg>
<arg>${checkbox}</arg>
<kw name="Click &quot;New Customer&quot; Link" library="Customers">
<kw name="Click Link" library="SeleniumLibrary">
<arg>${Customer_ADD_CUSTOMER_LINK}</arg>
<doc>Clicks a link identified by ``locator``.</doc>
<msg timestamp="20251117 11:58:22.541" level="INFO">Clicking link 'id=new-customer'.</msg>
<status status="PASS" starttime="20251117 11:58:22.540" endtime="20251117 11:58:23.957"/>
</kw>
<status status="PASS" starttime="20251117 11:58:22.540" endtime="20251117 11:58:23.957"/>
</kw>
<kw name="Verfiy Page Loaded" library="AddCustomer">
<kw name="Wait Until Page Contains" library="SeleniumLibrary">
<arg>${ADDCUSTOMER_HEADER_LABEL}</arg>
<doc>Waits until ``text`` appears on the current page.</doc>
<status status="PASS" starttime="20251117 11:58:23.958" endtime="20251117 11:58:23.974"/>
</kw>
<status status="PASS" starttime="20251117 11:58:23.957" endtime="20251117 11:58:23.974"/>
</kw>
<kw name="Add &quot;New Customer&quot;" library="AddCustomer">
<arg>${EmailAddress}</arg>
<arg>${FirstName}</arg>
<arg>${LastName}</arg>
<arg>${City}</arg>
<arg>${state}</arg>
<arg>${gender}</arg>
<arg>${checkbox}</arg>
<kw name="Fill &quot;EmailAddress&quot; Field" library="AddCustomer">
<arg>${EmailAddress}</arg>
<kw name="Input Text" library="SeleniumLibrary">
<arg>${ADDCUSTOMER_EmailAddress_TEXTBOX}</arg>
<arg>${EmailAddress}</arg>
<doc>Types the given ``text`` into the text field identified by ``locator``.</doc>
<msg timestamp="20251117 11:58:23.975" level="INFO">Typing text 'mina.emil.daniel@gmail.com' into text field 'id=EmailAddress'.</msg>
<status status="PASS" starttime="20251117 11:58:23.975" endtime="20251117 11:58:24.150"/>
</kw>
<status status="PASS" starttime="20251117 11:58:23.975" endtime="20251117 11:58:24.151"/>
</kw>
<kw name="Fill &quot;FirstName&quot; Field" library="AddCustomer">
<arg>${FirstName}</arg>
<kw name="Input Text" library="SeleniumLibrary">
<arg>${ADDCUSTOMER_FirstName_TEXTBOX}</arg>
<arg>${FirstName}</arg>
<doc>Types the given ``text`` into the text field identified by ``locator``.</doc>
<msg timestamp="20251117 11:58:24.151" level="INFO">Typing text 'Mina' into text field 'id=FirstName'.</msg>
<status status="PASS" starttime="20251117 11:58:24.151" endtime="20251117 11:58:24.275"/>
</kw>
<status status="PASS" starttime="20251117 11:58:24.151" endtime="20251117 11:58:24.275"/>
</kw>
<kw name="Fill &quot;LastName&quot; Field" library="AddCustomer">
<arg>${LastName}</arg>
<kw name="Input Text" library="SeleniumLibrary">
<arg>${ADDCUSTOMER_LastName_TEXTBOX}</arg>
<arg>${LastName}</arg>
<doc>Types the given ``text`` into the text field identified by ``locator``.</doc>
<msg timestamp="20251117 11:58:24.276" level="INFO">Typing text 'Ebraheem' into text field 'id=LastName'.</msg>
<status status="PASS" starttime="20251117 11:58:24.276" endtime="20251117 11:58:24.428"/>
</kw>
<status status="PASS" starttime="20251117 11:58:24.275" endtime="20251117 11:58:24.429"/>
</kw>
<kw name="Fill &quot;City&quot; Field" library="AddCustomer">
<arg>${City}</arg>
<kw name="Input Text" library="SeleniumLibrary">
<arg>${ADDCUSTOMER_City_TEXTBOX}</arg>
<arg>${City}</arg>
<doc>Types the given ``text`` into the text field identified by ``locator``.</doc>
<msg timestamp="20251117 11:58:24.431" level="INFO">Typing text 'Eindhoven' into text field 'id=City'.</msg>
<status status="PASS" starttime="20251117 11:58:24.430" endtime="20251117 11:58:24.565"/>
</kw>
<status status="PASS" starttime="20251117 11:58:24.429" endtime="20251117 11:58:24.565"/>
</kw>
<kw name="Fill &quot;state&quot; Field" library="AddCustomer">
<arg>${state}</arg>
<kw name="Select From List By Value" library="SeleniumLibrary">
<arg>${ADDCUSTOMER_State_TEXTBOX}</arg>
<arg>${state}</arg>
<doc>Selects options from selection list ``locator`` by ``values``.</doc>
<msg timestamp="20251117 11:58:24.566" level="INFO">Selecting options from selection list 'id=StateOrRegion' by value AK.</msg>
<status status="PASS" starttime="20251117 11:58:24.565" endtime="20251117 11:58:24.674"/>
</kw>
<status status="PASS" starttime="20251117 11:58:24.565" endtime="20251117 11:58:24.674"/>
</kw>
<kw name="Fill &quot;gender&quot; Field" library="AddCustomer">
<arg>${gender}</arg>
<kw name="Select Radio Button" library="SeleniumLibrary">
<arg>${ADDCUSTOMER_Gender_TEXTBOX}</arg>
<arg>${gender}</arg>
<doc>Sets the radio button group ``group_name`` to ``value``.</doc>
<msg timestamp="20251117 11:58:24.675" level="INFO">Selecting 'male' from radio button 'gender'.</msg>
<status status="PASS" starttime="20251117 11:58:24.674" endtime="20251117 11:58:24.777"/>
</kw>
<status status="PASS" starttime="20251117 11:58:24.674" endtime="20251117 11:58:24.777"/>
</kw>
<kw name="Check &quot;checkbox&quot; Field" library="AddCustomer">
<arg>${checkbox}</arg>
<kw name="Select Checkbox" library="SeleniumLibrary">
<arg>name=${checkbox}</arg>
<doc>Selects the checkbox identified by ``locator``.</doc>
<msg timestamp="20251117 11:58:24.778" level="INFO">Selecting checkbox 'name=promos-name'.</msg>
<status status="PASS" starttime="20251117 11:58:24.777" endtime="20251117 11:58:24.901"/>
</kw>
<status status="PASS" starttime="20251117 11:58:24.777" endtime="20251117 11:58:24.901"/>
</kw>
<kw name="Click &quot;Submit&quot; Button" library="AddCustomer">
<kw name="Click Button" library="SeleniumLibrary">
<arg>${ADDCUSTOMER_Submit_TEXTBOX}</arg>
<doc>Clicks the button identified by ``locator``.</doc>
<msg timestamp="20251117 11:58:24.902" level="INFO">Clicking button 'Submit'.</msg>
<status status="PASS" starttime="20251117 11:58:24.902" endtime="20251117 11:58:26.239"/>
</kw>
<status status="PASS" starttime="20251117 11:58:24.901" endtime="20251117 11:58:26.239"/>
</kw>
<status status="PASS" starttime="20251117 11:58:23.974" endtime="20251117 11:58:26.239"/>
</kw>
<kw name="Verify Customer Added Succeddfully" library="Customers">
<kw name="Wait Until Page Contains" library="SeleniumLibrary">
<arg>${Customer_SUCCESS_LABEL}</arg>
<doc>Waits until ``text`` appears on the current page.</doc>
<status status="PASS" starttime="20251117 11:58:26.239" endtime="20251117 11:58:26.255"/>
</kw>
<status status="PASS" starttime="20251117 11:58:26.239" endtime="20251117 11:58:26.255"/>
</kw>
<status status="PASS" starttime="20251117 11:58:22.539" endtime="20251117 11:58:26.255"/>
</kw>
<kw name="Sign Out" library="CrmApp">
<kw name="CLICK &quot;SIGN OUT&quot; LINK" library="TopNav">
<kw name="Click Link" library="SeleniumLibrary">
<arg>${LOGGEDOUT_SIGNOUT_LINK}</arg>
<doc>Clicks a link identified by ``locator``.</doc>
<msg timestamp="20251117 11:58:26.256" level="INFO">Clicking link 'Sign Out'.</msg>
<status status="PASS" starttime="20251117 11:58:26.256" endtime="20251117 11:58:26.556"/>
</kw>
<status status="PASS" starttime="20251117 11:58:26.256" endtime="20251117 11:58:26.556"/>
</kw>
<kw name="Verfiy Page Loaded" library="LoggedOut">
<kw name="Wait Until Page Contains" library="SeleniumLibrary">
<arg>${LOGGEDOUT_HEADER}</arg>
<doc>Waits until ``text`` appears on the current page.</doc>
<status status="PASS" starttime="20251117 11:58:26.556" endtime="20251117 11:58:26.573"/>
</kw>
<status status="PASS" starttime="20251117 11:58:26.556" endtime="20251117 11:58:26.574"/>
</kw>
<status status="PASS" starttime="20251117 11:58:26.255" endtime="20251117 11:58:26.574"/>
</kw>
<kw name="End Web Test" library="Common" type="TEARDOWN">
<kw name="Close Browser" library="SeleniumLibrary">
<doc>Closes the current browser.</doc>
<status status="PASS" starttime="20251117 11:58:26.575" endtime="20251117 11:58:28.899"/>
</kw>
<status status="PASS" starttime="20251117 11:58:26.574" endtime="20251117 11:58:28.899"/>
</kw>
<doc>This is some basic info about the test</doc>
<tag>1006</tag>
<tag>Contacts</tag>
<tag>Smoke</tag>
<status status="PASS" starttime="20251117 11:58:16.474" endtime="20251117 11:58:28.899"/>
</test>
<doc>This *******</doc>
<status status="PASS" starttime="20251117 11:58:16.139" endtime="20251117 11:58:28.901"/>
</suite>
<statistics>
<total>
<stat pass="1" fail="0" skip="0">All Tests</stat>
</total>
<tag>
<stat pass="1" fail="0" skip="0">1006</stat>
<stat pass="1" fail="0" skip="0">Contacts</stat>
<stat pass="1" fail="0" skip="0">Smoke</stat>
</tag>
<suite>
<stat pass="1" fail="0" skip="0" id="s1" name="Crm">Crm</stat>
</suite>
</statistics>
<errors>
</errors>
</robot>
